  [1m[36m (1.2ms)[0m  [1mCREATE TABLE "schema_migrations" ("version" varchar NOT NULL) [0m
  [1m[35m (0.0ms)[0m  select sqlite_version(*)
  [1m[36m (1.0ms)[0m  [1mCREATE UNIQUE INDEX "unique_schema_migrations" ON "schema_migrations" ("version")[0m
  [1m[35mActiveRecord::SchemaMigration Load (0.1ms)[0m  SELECT "schema_migrations".* FROM "schema_migrations"
  [1m[36mActiveRecord::SchemaMigration Load (0.1ms)[0m  [1mSELECT "schema_migrations".* FROM "schema_migrations"[0m
Migrating to CreatePosts (20151230232412)
  [1m[35m (0.1ms)[0m  begin transaction
  [1m[36m (0.4ms)[0m  [1mCREATE TABLE "posts" ("id" INTEGER PRIMARY KEY AUTOINCREMENT NOT NULL, "title" varchar, "description" text, "created_at" datetime NOT NULL, "updated_at" datetime NOT NULL) [0m
  [1m[35mSQL (0.2ms)[0m  INSERT INTO "schema_migrations" ("version") VALUES (?)  [["version", "20151230232412"]]
  [1m[36m (1.3ms)[0m  [1mcommit transaction[0m
  [1m[35mActiveRecord::SchemaMigration Load (0.1ms)[0m  SELECT "schema_migrations".* FROM "schema_migrations"


Started GET "/posts/new" for ::1 at 2015-12-31 13:44:56 -0600
  [1m[36mActiveRecord::SchemaMigration Load (0.1ms)[0m  [1mSELECT "schema_migrations".* FROM "schema_migrations"[0m
Processing by PostsController#new as HTML
  Rendered posts/new.html.erb within layouts/application (2.1ms)
Completed 200 OK in 347ms (Views: 326.8ms | ActiveRecord: 0.2ms)


Started GET "/assets/application.self-e80e8f2318043e8af94dddc2adad5a4f09739a8ebb323b3ab31cd71d45fd9113.css?body=1" for ::1 at 2015-12-31 13:44:57 -0600


Started GET "/assets/application.self-3b8dabdc891efe46b9a144b400ad69e37d7e5876bdc39dee783419a69d7ca819.js?body=1" for ::1 at 2015-12-31 13:44:57 -0600


Started POST "/posts" for ::1 at 2015-12-31 13:45:03 -0600
Processing by PostsController#create as HTML
  Parameters: {"utf8"=>"✓", "authenticity_token"=>"mFCuNJP5reOW19phdr4zXRLzOMo4NZQ3wneiVR+RO/+owIoDiOxh24iHKkZ7DGazxbSIoRmvIOmJgA4gog1sGg==", "title"=>"Rails Introduction Quiz", "description"=>"asdfasdf", "commit"=>"Submit Post"}
  [1m[35m (0.1ms)[0m  begin transaction
  [1m[36mSQL (0.4ms)[0m  [1mINSERT INTO "posts" ("title", "description", "created_at", "updated_at") VALUES (?, ?, ?, ?)[0m  [["title", "Rails Introduction Quiz"], ["description", "asdfasdf"], ["created_at", "2015-12-31 19:45:03.614973"], ["updated_at", "2015-12-31 19:45:03.614973"]]
  [1m[35m (1.2ms)[0m  commit transaction
Redirected to http://localhost:3000/posts/1
Completed 302 Found in 22ms (ActiveRecord: 1.7ms)


Started GET "/posts/1" for ::1 at 2015-12-31 13:45:03 -0600
Processing by PostsController#show as HTML
  Parameters: {"id"=>"1"}
  [1m[36mPost Load (0.2ms)[0m  [1mSELECT  "posts".* FROM "posts" WHERE "posts"."id" = ? LIMIT 1[0m  [["id", 1]]
  Rendered posts/show.html.erb within layouts/application (0.4ms)
Completed 200 OK in 27ms (Views: 10.4ms | ActiveRecord: 0.2ms)
  [1m[36mPost Load (2.2ms)[0m  [1mSELECT "posts".* FROM "posts"[0m
  [1m[35m (0.2ms)[0m  begin transaction
  [1m[36mSQL (3.0ms)[0m  [1mINSERT INTO "posts" ("title", "description", "created_at", "updated_at") VALUES (?, ?, ?, ?)[0m  [["title", "Title goes here"], ["description", "Desc"], ["created_at", "2017-05-03 14:24:27.507623"], ["updated_at", "2017-05-03 14:24:27.507623"]]
  [1m[35m (6.6ms)[0m  commit transaction
  [1m[36mPost Load (0.2ms)[0m  [1mSELECT "posts".* FROM "posts"[0m


Started GET "/" for ::1 at 2017-05-03 10:28:44 -0400
  [1m[36mActiveRecord::SchemaMigration Load (0.1ms)[0m  [1mSELECT "schema_migrations".* FROM "schema_migrations"[0m
Processing by Rails::WelcomeController#index as HTML
  Rendered /Users/flatironschool/.rvm/gems/ruby-2.3.0/gems/railties-4.2.5/lib/rails/templates/rails/welcome/index.html.erb (2.7ms)
Completed 200 OK in 29ms (Views: 13.5ms | ActiveRecord: 0.0ms)


Started GET "/posts" for ::1 at 2017-05-03 10:28:46 -0400
Processing by PostsController#index as HTML
  [1m[35mPost Load (0.1ms)[0m  SELECT "posts".* FROM "posts"
  Rendered posts/index.html.erb within layouts/application (4.0ms)
Completed 200 OK in 322ms (Views: 319.6ms | ActiveRecord: 0.4ms)


Started GET "/posts" for ::1 at 2017-05-03 10:28:46 -0400
Processing by PostsController#index as HTML
  [1m[36mPost Load (0.2ms)[0m  [1mSELECT "posts".* FROM "posts"[0m
  Rendered posts/index.html.erb within layouts/application (1.3ms)
Completed 200 OK in 33ms (Views: 31.4ms | ActiveRecord: 0.1ms)


Started GET "/posts/new" for ::1 at 2017-05-03 10:29:08 -0400
Processing by PostsController#new as HTML
  Rendered posts/new.html.erb within layouts/application (1.3ms)
Completed 200 OK in 41ms (Views: 40.3ms | ActiveRecord: 0.0ms)


Started GET "/posts" for ::1 at 2017-05-03 10:29:12 -0400
Processing by PostsController#index as HTML
  [1m[35mPost Load (0.1ms)[0m  SELECT "posts".* FROM "posts"
  Rendered posts/index.html.erb within layouts/application (1.0ms)
Completed 200 OK in 19ms (Views: 18.1ms | ActiveRecord: 0.1ms)


Started POST "/posts" for ::1 at 2017-05-03 10:29:32 -0400
Processing by PostsController#create as HTML
  Parameters: {"utf8"=>"✓", "authenticity_token"=>"o7McueRZ/i8GCBQXG0+7F9gqkGz1EhiKIlc1VBbRKjlA7d0iuE4PHzNvl24dwmlIvRBsrhOpLA5uaoapcgF2Jw==", "title"=>"test", "description"=>"testing this out", "commit"=>"Submit Post"}
  [1m[36m (0.1ms)[0m  [1mbegin transaction[0m
  [1m[35mSQL (0.4ms)[0m  INSERT INTO "posts" ("title", "description", "created_at", "updated_at") VALUES (?, ?, ?, ?)  [["title", "test"], ["description", "testing this out"], ["created_at", "2017-05-03 14:29:32.516904"], ["updated_at", "2017-05-03 14:29:32.516904"]]
  [1m[36m (2.6ms)[0m  [1mcommit transaction[0m
Completed 500 Internal Server Error in 28ms (ActiveRecord: 3.1ms)

ActionView::MissingTemplate (Missing template posts/create, application/create with {:locale=>[:en], :formats=>[:html], :variants=>[], :handlers=>[:erb, :builder, :raw, :ruby, :coffee, :jbuilder]}. Searched in:
  * "/Users/flatironschool/rails-create-action-readme-web-040317/app/views"
):
  actionview (4.2.5) lib/action_view/path_set.rb:46:in `find'
  actionview (4.2.5) lib/action_view/lookup_context.rb:121:in `find'
  actionview (4.2.5) lib/action_view/renderer/abstract_renderer.rb:18:in `find_template'
  actionview (4.2.5) lib/action_view/renderer/template_renderer.rb:40:in `determine_template'
  actionview (4.2.5) lib/action_view/renderer/template_renderer.rb:8:in `render'
  actionview (4.2.5) lib/action_view/renderer/renderer.rb:42:in `render_template'
  actionview (4.2.5) lib/action_view/renderer/renderer.rb:23:in `render'
  actionview (4.2.5) lib/action_view/rendering.rb:100:in `_render_template'
  actionpack (4.2.5) lib/action_controller/metal/streaming.rb:217:in `_render_template'
  actionview (4.2.5) lib/action_view/rendering.rb:83:in `render_to_body'
  actionpack (4.2.5) lib/action_controller/metal/rendering.rb:32:in `render_to_body'
  actionpack (4.2.5) lib/action_controller/metal/renderers.rb:37:in `render_to_body'
  actionpack (4.2.5) lib/abstract_controller/rendering.rb:25:in `render'
  actionpack (4.2.5) lib/action_controller/metal/rendering.rb:16:in `render'
  actionpack (4.2.5) lib/action_controller/metal/instrumentation.rb:44:in `block (2 levels) in render'
  activesupport (4.2.5) lib/active_support/core_ext/benchmark.rb:12:in `block in ms'
  /Users/flatironschool/.rvm/rubies/ruby-2.3.0/lib/ruby/2.3.0/benchmark.rb:308:in `realtime'
  activesupport (4.2.5) lib/active_support/core_ext/benchmark.rb:12:in `ms'
  actionpack (4.2.5) lib/action_controller/metal/instrumentation.rb:44:in `block in render'
  actionpack (4.2.5) lib/action_controller/metal/instrumentation.rb:87:in `cleanup_view_runtime'
  activerecord (4.2.5) lib/active_record/railties/controller_runtime.rb:25:in `cleanup_view_runtime'
  actionpack (4.2.5) lib/action_controller/metal/instrumentation.rb:43:in `render'
  actionpack (4.2.5) lib/action_controller/metal/implicit_render.rb:10:in `default_render'
  actionpack (4.2.5) lib/action_controller/metal/implicit_render.rb:5:in `send_action'
  actionpack (4.2.5) lib/abstract_controller/base.rb:198:in `process_action'
  actionpack (4.2.5) lib/action_controller/metal/rendering.rb:10:in `process_action'
  actionpack (4.2.5) lib/abstract_controller/callbacks.rb:20:in `block in process_action'
  activesupport (4.2.5) lib/active_support/callbacks.rb:117:in `call'
  activesupport (4.2.5) lib/active_support/callbacks.rb:555:in `block (2 levels) in compile'
  activesupport (4.2.5) lib/active_support/callbacks.rb:505:in `call'
  activesupport (4.2.5) lib/active_support/callbacks.rb:92:in `__run_callbacks__'
  activesupport (4.2.5) lib/active_support/callbacks.rb:778:in `_run_process_action_callbacks'
  activesupport (4.2.5) lib/active_support/callbacks.rb:81:in `run_callbacks'
  actionpack (4.2.5) lib/abstract_controller/callbacks.rb:19:in `process_action'
  actionpack (4.2.5) lib/action_controller/metal/rescue.rb:29:in `process_action'
  actionpack (4.2.5) lib/action_controller/metal/instrumentation.rb:32:in `block in process_action'
  activesupport (4.2.5) lib/active_support/notifications.rb:164:in `block in instrument'
  activesupport (4.2.5) lib/active_support/notifications/instrumenter.rb:20:in `instrument'
  activesupport (4.2.5) lib/active_support/notifications.rb:164:in `instrument'
  actionpack (4.2.5) lib/action_controller/metal/instrumentation.rb:30:in `process_action'
  actionpack (4.2.5) lib/action_controller/metal/params_wrapper.rb:250:in `process_action'
  activerecord (4.2.5) lib/active_record/railties/controller_runtime.rb:18:in `process_action'
  actionpack (4.2.5) lib/abstract_controller/base.rb:137:in `process'
  actionview (4.2.5) lib/action_view/rendering.rb:30:in `process'
  actionpack (4.2.5) lib/action_controller/metal.rb:196:in `dispatch'
  actionpack (4.2.5) lib/action_controller/metal/rack_delegation.rb:13:in `dispatch'
  actionpack (4.2.5) lib/action_controller/metal.rb:237:in `block in action'
  actionpack (4.2.5) lib/action_dispatch/routing/route_set.rb:76:in `dispatch'
  actionpack (4.2.5) lib/action_dispatch/routing/route_set.rb:45:in `serve'
  actionpack (4.2.5) lib/action_dispatch/journey/router.rb:43:in `block in serve'
  actionpack (4.2.5) lib/action_dispatch/journey/router.rb:30:in `each'
  actionpack (4.2.5) lib/action_dispatch/journey/router.rb:30:in `serve'
  actionpack (4.2.5) lib/action_dispatch/routing/route_set.rb:817:in `call'
  rack (1.6.4) lib/rack/etag.rb:24:in `call'
  rack (1.6.4) lib/rack/conditionalget.rb:38:in `call'
  rack (1.6.4) lib/rack/head.rb:13:in `call'
  actionpack (4.2.5) lib/action_dispatch/middleware/params_parser.rb:27:in `call'
  actionpack (4.2.5) lib/action_dispatch/middleware/flash.rb:260:in `call'
  rack (1.6.4) lib/rack/session/abstract/id.rb:225:in `context'
  rack (1.6.4) lib/rack/session/abstract/id.rb:220:in `call'
  actionpack (4.2.5) lib/action_dispatch/middleware/cookies.rb:560:in `call'
  activerecord (4.2.5) lib/active_record/query_cache.rb:36:in `call'
  activerecord (4.2.5) lib/active_record/connection_adapters/abstract/connection_pool.rb:653:in `call'
  activerecord (4.2.5) lib/active_record/migration.rb:377:in `call'
  actionpack (4.2.5) lib/action_dispatch/middleware/callbacks.rb:29:in `block in call'
  activesupport (4.2.5) lib/active_support/callbacks.rb:88:in `__run_callbacks__'
  activesupport (4.2.5) lib/active_support/callbacks.rb:778:in `_run_call_callbacks'
  activesupport (4.2.5) lib/active_support/callbacks.rb:81:in `run_callbacks'
  actionpack (4.2.5) lib/action_dispatch/middleware/callbacks.rb:27:in `call'
  actionpack (4.2.5) lib/action_dispatch/middleware/reloader.rb:73:in `call'
  actionpack (4.2.5) lib/action_dispatch/middleware/remote_ip.rb:78:in `call'
  actionpack (4.2.5) lib/action_dispatch/middleware/debug_exceptions.rb:17:in `call'
  web-console (2.2.1) lib/web_console/middleware.rb:39:in `call'
  actionpack (4.2.5) lib/action_dispatch/middleware/show_exceptions.rb:30:in `call'
  railties (4.2.5) lib/rails/rack/logger.rb:38:in `call_app'
  railties (4.2.5) lib/rails/rack/logger.rb:20:in `block in call'
  activesupport (4.2.5) lib/active_support/tagged_logging.rb:68:in `block in tagged'
  activesupport (4.2.5) lib/active_support/tagged_logging.rb:26:in `tagged'
  activesupport (4.2.5) lib/active_support/tagged_logging.rb:68:in `tagged'
  railties (4.2.5) lib/rails/rack/logger.rb:20:in `call'
  actionpack (4.2.5) lib/action_dispatch/middleware/request_id.rb:21:in `call'
  rack (1.6.4) lib/rack/methodoverride.rb:22:in `call'
  rack (1.6.4) lib/rack/runtime.rb:18:in `call'
  activesupport (4.2.5) lib/active_support/cache/strategy/local_cache_middleware.rb:28:in `call'
  rack (1.6.4) lib/rack/lock.rb:17:in `call'
  actionpack (4.2.5) lib/action_dispatch/middleware/static.rb:116:in `call'
  rack (1.6.4) lib/rack/sendfile.rb:113:in `call'
  railties (4.2.5) lib/rails/engine.rb:518:in `call'
  railties (4.2.5) lib/rails/application.rb:165:in `call'
  rack (1.6.4) lib/rack/lock.rb:17:in `call'
  rack (1.6.4) lib/rack/content_length.rb:15:in `call'
  rack (1.6.4) lib/rack/handler/webrick.rb:88:in `service'
  /Users/flatironschool/.rvm/rubies/ruby-2.3.0/lib/ruby/2.3.0/webrick/httpserver.rb:140:in `service'
  /Users/flatironschool/.rvm/rubies/ruby-2.3.0/lib/ruby/2.3.0/webrick/httpserver.rb:96:in `run'
  /Users/flatironschool/.rvm/rubies/ruby-2.3.0/lib/ruby/2.3.0/webrick/server.rb:296:in `block in start_thread'


  Rendered /Users/flatironschool/.rvm/gems/ruby-2.3.0/gems/actionpack-4.2.5/lib/action_dispatch/middleware/templates/rescues/_source.erb (9.2ms)
  Rendered /Users/flatironschool/.rvm/gems/ruby-2.3.0/gems/actionpack-4.2.5/lib/action_dispatch/middleware/templates/rescues/_trace.html.erb (5.5ms)
  Rendered /Users/flatironschool/.rvm/gems/ruby-2.3.0/gems/actionpack-4.2.5/lib/action_dispatch/middleware/templates/rescues/_request_and_response.html.erb (1.5ms)
  Rendered /Users/flatironschool/.rvm/gems/ruby-2.3.0/gems/actionpack-4.2.5/lib/action_dispatch/middleware/templates/rescues/missing_template.html.erb within rescues/layout (67.0ms)
  Rendered /Users/flatironschool/.rvm/gems/ruby-2.3.0/gems/web-console-2.2.1/lib/web_console/templates/_markup.html.erb (0.8ms)
  Rendered /Users/flatironschool/.rvm/gems/ruby-2.3.0/gems/web-console-2.2.1/lib/web_console/templates/_inner_console_markup.html.erb within layouts/inlined_string (0.8ms)
  Rendered /Users/flatironschool/.rvm/gems/ruby-2.3.0/gems/web-console-2.2.1/lib/web_console/templates/_prompt_box_markup.html.erb within layouts/inlined_string (0.5ms)
  Rendered /Users/flatironschool/.rvm/gems/ruby-2.3.0/gems/web-console-2.2.1/lib/web_console/templates/style.css.erb within layouts/inlined_string (0.3ms)
  Rendered /Users/flatironschool/.rvm/gems/ruby-2.3.0/gems/web-console-2.2.1/lib/web_console/templates/console.js.erb within layouts/javascript (58.5ms)
  Rendered /Users/flatironschool/.rvm/gems/ruby-2.3.0/gems/web-console-2.2.1/lib/web_console/templates/main.js.erb within layouts/javascript (0.6ms)
  Rendered /Users/flatironschool/.rvm/gems/ruby-2.3.0/gems/web-console-2.2.1/lib/web_console/templates/error_page.js.erb within layouts/javascript (0.7ms)
  Rendered /Users/flatironschool/.rvm/gems/ruby-2.3.0/gems/web-console-2.2.1/lib/web_console/templates/index.html.erb (140.5ms)


Started POST "/posts" for ::1 at 2017-05-03 10:31:20 -0400
Processing by PostsController#create as HTML
  Parameters: {"utf8"=>"✓", "authenticity_token"=>"o7McueRZ/i8GCBQXG0+7F9gqkGz1EhiKIlc1VBbRKjlA7d0iuE4PHzNvl24dwmlIvRBsrhOpLA5uaoapcgF2Jw==", "title"=>"test", "description"=>"testing this out", "commit"=>"Submit Post"}
  [1m[35m (0.1ms)[0m  begin transaction
  [1m[36mSQL (0.4ms)[0m  [1mINSERT INTO "posts" ("title", "description", "created_at", "updated_at") VALUES (?, ?, ?, ?)[0m  [["title", "test"], ["description", "testing this out"], ["created_at", "2017-05-03 14:31:20.334981"], ["updated_at", "2017-05-03 14:31:20.334981"]]
  [1m[35m (2.6ms)[0m  commit transaction
Redirected to http://localhost:3000/posts
Completed 302 Found in 14ms (ActiveRecord: 3.5ms)


Started GET "/posts" for ::1 at 2017-05-03 10:31:20 -0400
Processing by PostsController#index as HTML
  [1m[36mPost Load (0.1ms)[0m  [1mSELECT "posts".* FROM "posts"[0m
  Rendered posts/index.html.erb within layouts/application (0.7ms)
Completed 200 OK in 35ms (Views: 34.1ms | ActiveRecord: 0.1ms)


Started GET "/posts" for ::1 at 2017-05-03 10:31:33 -0400
Processing by PostsController#index as HTML
  [1m[35mPost Load (0.1ms)[0m  SELECT "posts".* FROM "posts"
  Rendered posts/index.html.erb within layouts/application (1.0ms)
Completed 200 OK in 13ms (Views: 12.1ms | ActiveRecord: 0.1ms)


Started GET "/posts" for ::1 at 2017-05-03 10:32:05 -0400
Processing by PostsController#index as HTML
  [1m[36mPost Load (0.3ms)[0m  [1mSELECT "posts".* FROM "posts"[0m
  Rendered posts/index.html.erb within layouts/application (33.4ms)
Completed 500 Internal Server Error in 37ms (ActiveRecord: 0.3ms)

ActionView::Template::Error (undefined local variable or method `show_post_path' for #<#<Class:0x007ffd5fdf9cd8>:0x007ffd5fedb070>
Did you mean?  posts_path):
    1: <h1>All Posts</h1>
    2: 
    3: <% @posts.each do |post| %>
    4:   <div><%= link_to post.title, show_post_path %></div>
    5: <% end %>
  app/views/posts/index.html.erb:4:in `block in _app_views_posts_index_html_erb__3637413632025071008_70363106430640'
  app/views/posts/index.html.erb:3:in `_app_views_posts_index_html_erb__3637413632025071008_70363106430640'


  Rendered /Users/flatironschool/.rvm/gems/ruby-2.3.0/gems/actionpack-4.2.5/lib/action_dispatch/middleware/templates/rescues/_source.erb (5.0ms)
  Rendered /Users/flatironschool/.rvm/gems/ruby-2.3.0/gems/actionpack-4.2.5/lib/action_dispatch/middleware/templates/rescues/_trace.html.erb (3.6ms)
  Rendered /Users/flatironschool/.rvm/gems/ruby-2.3.0/gems/actionpack-4.2.5/lib/action_dispatch/middleware/templates/rescues/_request_and_response.html.erb (1.5ms)
  Rendered /Users/flatironschool/.rvm/gems/ruby-2.3.0/gems/actionpack-4.2.5/lib/action_dispatch/middleware/templates/rescues/template_error.html.erb within rescues/layout (63.4ms)
  Rendered /Users/flatironschool/.rvm/gems/ruby-2.3.0/gems/web-console-2.2.1/lib/web_console/templates/_markup.html.erb (0.6ms)
  Rendered /Users/flatironschool/.rvm/gems/ruby-2.3.0/gems/web-console-2.2.1/lib/web_console/templates/_inner_console_markup.html.erb within layouts/inlined_string (0.4ms)
  Rendered /Users/flatironschool/.rvm/gems/ruby-2.3.0/gems/web-console-2.2.1/lib/web_console/templates/_prompt_box_markup.html.erb within layouts/inlined_string (0.4ms)
  Rendered /Users/flatironschool/.rvm/gems/ruby-2.3.0/gems/web-console-2.2.1/lib/web_console/templates/style.css.erb within layouts/inlined_string (0.3ms)
  Rendered /Users/flatironschool/.rvm/gems/ruby-2.3.0/gems/web-console-2.2.1/lib/web_console/templates/console.js.erb within layouts/javascript (58.6ms)
  Rendered /Users/flatironschool/.rvm/gems/ruby-2.3.0/gems/web-console-2.2.1/lib/web_console/templates/main.js.erb within layouts/javascript (0.3ms)
  Rendered /Users/flatironschool/.rvm/gems/ruby-2.3.0/gems/web-console-2.2.1/lib/web_console/templates/error_page.js.erb within layouts/javascript (0.8ms)
  Rendered /Users/flatironschool/.rvm/gems/ruby-2.3.0/gems/web-console-2.2.1/lib/web_console/templates/index.html.erb (128.1ms)


Started GET "/posts" for ::1 at 2017-05-03 10:32:13 -0400
Processing by PostsController#index as HTML
  [1m[35mPost Load (0.3ms)[0m  SELECT "posts".* FROM "posts"
  Rendered posts/index.html.erb within layouts/application (4.0ms)
Completed 500 Internal Server Error in 7ms (ActiveRecord: 0.3ms)

ActionView::Template::Error (No route matches {:action=>"show", :controller=>"posts"} missing required keys: [:id]):
    1: <h1>All Posts</h1>
    2: 
    3: <% @posts.each do |post| %>
    4:   <div><%= link_to post.title, post_path %></div>
    5: <% end %>
  app/views/posts/index.html.erb:4:in `block in _app_views_posts_index_html_erb__3637413632025071008_70363075616300'
  app/views/posts/index.html.erb:3:in `_app_views_posts_index_html_erb__3637413632025071008_70363075616300'


  Rendered /Users/flatironschool/.rvm/gems/ruby-2.3.0/gems/actionpack-4.2.5/lib/action_dispatch/middleware/templates/rescues/_source.erb (8.8ms)
  Rendered /Users/flatironschool/.rvm/gems/ruby-2.3.0/gems/actionpack-4.2.5/lib/action_dispatch/middleware/templates/rescues/_trace.html.erb (2.4ms)
  Rendered /Users/flatironschool/.rvm/gems/ruby-2.3.0/gems/actionpack-4.2.5/lib/action_dispatch/middleware/templates/rescues/_request_and_response.html.erb (1.1ms)
  Rendered /Users/flatironschool/.rvm/gems/ruby-2.3.0/gems/actionpack-4.2.5/lib/action_dispatch/middleware/templates/rescues/template_error.html.erb within rescues/layout (56.1ms)
  Rendered /Users/flatironschool/.rvm/gems/ruby-2.3.0/gems/web-console-2.2.1/lib/web_console/templates/_markup.html.erb (0.3ms)
  Rendered /Users/flatironschool/.rvm/gems/ruby-2.3.0/gems/web-console-2.2.1/lib/web_console/templates/_inner_console_markup.html.erb within layouts/inlined_string (0.3ms)
  Rendered /Users/flatironschool/.rvm/gems/ruby-2.3.0/gems/web-console-2.2.1/lib/web_console/templates/_prompt_box_markup.html.erb within layouts/inlined_string (0.4ms)
  Rendered /Users/flatironschool/.rvm/gems/ruby-2.3.0/gems/web-console-2.2.1/lib/web_console/templates/style.css.erb within layouts/inlined_string (0.3ms)
  Rendered /Users/flatironschool/.rvm/gems/ruby-2.3.0/gems/web-console-2.2.1/lib/web_console/templates/console.js.erb within layouts/javascript (46.8ms)
  Rendered /Users/flatironschool/.rvm/gems/ruby-2.3.0/gems/web-console-2.2.1/lib/web_console/templates/main.js.erb within layouts/javascript (0.3ms)
  Rendered /Users/flatironschool/.rvm/gems/ruby-2.3.0/gems/web-console-2.2.1/lib/web_console/templates/error_page.js.erb within layouts/javascript (0.5ms)
  Rendered /Users/flatironschool/.rvm/gems/ruby-2.3.0/gems/web-console-2.2.1/lib/web_console/templates/index.html.erb (99.4ms)


Started GET "/posts" for ::1 at 2017-05-03 10:32:19 -0400
Processing by PostsController#index as HTML
  [1m[36mPost Load (0.1ms)[0m  [1mSELECT "posts".* FROM "posts"[0m
  Rendered posts/index.html.erb within layouts/application (1.1ms)
Completed 200 OK in 13ms (Views: 12.7ms | ActiveRecord: 0.1ms)


Started GET "/posts" for ::1 at 2017-05-03 10:32:29 -0400
Processing by PostsController#index as HTML
  [1m[35mPost Load (0.1ms)[0m  SELECT "posts".* FROM "posts"
  Rendered posts/index.html.erb within layouts/application (30.2ms)
Completed 500 Internal Server Error in 34ms (ActiveRecord: 0.1ms)

ActionView::Template::Error (undefined local variable or method `id_posts_path' for #<#<Class:0x007ffd5fdf9cd8>:0x007ffd5e97a690>
Did you mean?  new_post_path):
    1: <h1>All Posts</h1>
    2: 
    3: <% @posts.each do |post| %>
    4:   <div><%= link_to post.title, id_posts_path %></div>
    5: <% end %>
  app/views/posts/index.html.erb:4:in `block in _app_views_posts_index_html_erb__3637413632025071008_70363095211960'
  app/views/posts/index.html.erb:3:in `_app_views_posts_index_html_erb__3637413632025071008_70363095211960'


  Rendered /Users/flatironschool/.rvm/gems/ruby-2.3.0/gems/actionpack-4.2.5/lib/action_dispatch/middleware/templates/rescues/_source.erb (6.5ms)
  Rendered /Users/flatironschool/.rvm/gems/ruby-2.3.0/gems/actionpack-4.2.5/lib/action_dispatch/middleware/templates/rescues/_trace.html.erb (3.1ms)
  Rendered /Users/flatironschool/.rvm/gems/ruby-2.3.0/gems/actionpack-4.2.5/lib/action_dispatch/middleware/templates/rescues/_request_and_response.html.erb (0.8ms)
  Rendered /Users/flatironschool/.rvm/gems/ruby-2.3.0/gems/actionpack-4.2.5/lib/action_dispatch/middleware/templates/rescues/template_error.html.erb within rescues/layout (57.1ms)
  Rendered /Users/flatironschool/.rvm/gems/ruby-2.3.0/gems/web-console-2.2.1/lib/web_console/templates/_markup.html.erb (0.3ms)
  Rendered /Users/flatironschool/.rvm/gems/ruby-2.3.0/gems/web-console-2.2.1/lib/web_console/templates/_inner_console_markup.html.erb within layouts/inlined_string (0.4ms)
  Rendered /Users/flatironschool/.rvm/gems/ruby-2.3.0/gems/web-console-2.2.1/lib/web_console/templates/_prompt_box_markup.html.erb within layouts/inlined_string (0.4ms)
  Rendered /Users/flatironschool/.rvm/gems/ruby-2.3.0/gems/web-console-2.2.1/lib/web_console/templates/style.css.erb within layouts/inlined_string (0.3ms)
  Rendered /Users/flatironschool/.rvm/gems/ruby-2.3.0/gems/web-console-2.2.1/lib/web_console/templates/console.js.erb within layouts/javascript (44.6ms)
  Rendered /Users/flatironschool/.rvm/gems/ruby-2.3.0/gems/web-console-2.2.1/lib/web_console/templates/main.js.erb within layouts/javascript (0.3ms)
  Rendered /Users/flatironschool/.rvm/gems/ruby-2.3.0/gems/web-console-2.2.1/lib/web_console/templates/error_page.js.erb within layouts/javascript (0.4ms)
  Rendered /Users/flatironschool/.rvm/gems/ruby-2.3.0/gems/web-console-2.2.1/lib/web_console/templates/index.html.erb (96.3ms)


Started GET "/posts" for ::1 at 2017-05-03 10:32:45 -0400
Processing by PostsController#index as HTML
  [1m[36mPost Load (0.1ms)[0m  [1mSELECT "posts".* FROM "posts"[0m
  Rendered posts/index.html.erb within layouts/application (1.5ms)
Completed 200 OK in 12ms (Views: 11.7ms | ActiveRecord: 0.1ms)


Started GET "/posts.2" for ::1 at 2017-05-03 10:32:50 -0400
Processing by PostsController#index as 
  [1m[35mPost Load (0.2ms)[0m  SELECT "posts".* FROM "posts"
  Rendered posts/index.html.erb within layouts/application (1.9ms)
Completed 200 OK in 22ms (Views: 21.5ms | ActiveRecord: 0.2ms)


Started GET "/posts/4" for ::1 at 2017-05-03 10:33:14 -0400
Processing by PostsController#show as HTML
  Parameters: {"id"=>"4"}
  [1m[36mPost Load (0.2ms)[0m  [1mSELECT  "posts".* FROM "posts" WHERE "posts"."id" = ? LIMIT 1[0m  [["id", 4]]
  Rendered posts/show.html.erb within layouts/application (0.5ms)
Completed 200 OK in 43ms (Views: 15.5ms | ActiveRecord: 0.7ms)


Started GET "/posts/4" for ::1 at 2017-05-03 10:33:28 -0400
Processing by PostsController#show as HTML
  Parameters: {"id"=>"4"}
  [1m[35mPost Load (0.2ms)[0m  SELECT  "posts".* FROM "posts" WHERE "posts"."id" = ? LIMIT 1  [["id", 4]]
  Rendered posts/show.html.erb within layouts/application (0.6ms)
Completed 200 OK in 14ms (Views: 12.6ms | ActiveRecord: 0.2ms)


Started GET "/posts" for ::1 at 2017-05-03 10:33:29 -0400
Processing by PostsController#index as HTML
  [1m[36mPost Load (0.1ms)[0m  [1mSELECT "posts".* FROM "posts"[0m
  Rendered posts/index.html.erb within layouts/application (1.3ms)
Completed 200 OK in 13ms (Views: 12.1ms | ActiveRecord: 0.1ms)


Started GET "/posts" for ::1 at 2017-05-03 10:33:52 -0400
Processing by PostsController#index as HTML
  [1m[35mPost Load (0.1ms)[0m  SELECT "posts".* FROM "posts"
  Rendered posts/index.html.erb within layouts/application (1.3ms)
Completed 200 OK in 12ms (Views: 11.7ms | ActiveRecord: 0.1ms)


Started GET "/posts/new" for ::1 at 2017-05-03 10:33:55 -0400
Processing by PostsController#new as HTML
  Rendered posts/new.html.erb within layouts/application (0.7ms)
Completed 200 OK in 12ms (Views: 11.6ms | ActiveRecord: 0.0ms)


Started POST "/posts" for ::1 at 2017-05-03 10:34:02 -0400
Processing by PostsController#create as HTML
  Parameters: {"utf8"=>"✓", "authenticity_token"=>"e8wqye3OhMoFjkN08blNOKILKNXSKUWlQAOZg5GnIxmYkutSsdl1+jDpwA33NJ9nxzHUFzSScSEMPip+9Xd/Bw==", "title"=>"New Test", "description"=>"The New Style", "commit"=>"Submit Post"}
  [1m[36m (0.1ms)[0m  [1mbegin transaction[0m
  [1m[35mSQL (0.3ms)[0m  INSERT INTO "posts" ("title", "description", "created_at", "updated_at") VALUES (?, ?, ?, ?)  [["title", "New Test"], ["description", "The New Style"], ["created_at", "2017-05-03 14:34:02.079461"], ["updated_at", "2017-05-03 14:34:02.079461"]]
  [1m[36m (2.6ms)[0m  [1mcommit transaction[0m
Redirected to http://localhost:3000/posts.5
Completed 302 Found in 6ms (ActiveRecord: 3.0ms)


Started GET "/posts.5" for ::1 at 2017-05-03 10:34:02 -0400
Processing by PostsController#index as 
  [1m[35mPost Load (0.2ms)[0m  SELECT "posts".* FROM "posts"
  Rendered posts/index.html.erb within layouts/application (1.3ms)
Completed 200 OK in 18ms (Views: 17.7ms | ActiveRecord: 0.2ms)


Started GET "/posts.5" for ::1 at 2017-05-03 10:34:14 -0400
Processing by PostsController#index as 
  [1m[36mPost Load (0.2ms)[0m  [1mSELECT "posts".* FROM "posts"[0m
  Rendered posts/index.html.erb within layouts/application (2.3ms)
Completed 200 OK in 59ms (Views: 58.1ms | ActiveRecord: 0.2ms)


Started GET "/posts/3" for ::1 at 2017-05-03 10:34:19 -0400
Processing by PostsController#show as HTML
  Parameters: {"id"=>"3"}
  [1m[35mPost Load (0.2ms)[0m  SELECT  "posts".* FROM "posts" WHERE "posts"."id" = ? LIMIT 1  [["id", 3]]
  Rendered posts/show.html.erb within layouts/application (0.5ms)
Completed 200 OK in 16ms (Views: 14.6ms | ActiveRecord: 0.2ms)


Started GET "/posts" for ::1 at 2017-05-03 10:34:22 -0400
Processing by PostsController#index as HTML
  [1m[36mPost Load (0.1ms)[0m  [1mSELECT "posts".* FROM "posts"[0m
  Rendered posts/index.html.erb within layouts/application (1.5ms)
Completed 200 OK in 16ms (Views: 14.9ms | ActiveRecord: 0.1ms)


Started GET "/posts/1" for ::1 at 2017-05-03 10:34:25 -0400
Processing by PostsController#show as HTML
  Parameters: {"id"=>"1"}
  [1m[35mPost Load (0.1ms)[0m  SELECT  "posts".* FROM "posts" WHERE "posts"."id" = ? LIMIT 1  [["id", 1]]
  Rendered posts/show.html.erb within layouts/application (0.2ms)
Completed 200 OK in 12ms (Views: 11.3ms | ActiveRecord: 0.1ms)


Started GET "/posts" for ::1 at 2017-05-03 10:34:26 -0400
Processing by PostsController#index as HTML
  [1m[36mPost Load (0.2ms)[0m  [1mSELECT "posts".* FROM "posts"[0m
  Rendered posts/index.html.erb within layouts/application (1.4ms)
Completed 200 OK in 15ms (Views: 14.3ms | ActiveRecord: 0.2ms)
